<?xml version="1.0" encoding="UTF-8"?>
<!-- Generated by org.testng.reporters.JUnitReportReporter -->
<testsuite hostname="DESKTOP-DCE6QL0" failures="0" tests="1" name="Automation_Test_Website.ScreenShot" time="62.607" errors="0" timestamp="2021-04-28T10:37:51 ICT" skipped="0">
  <testcase classname="Automation_Test_Website.ScreenShot" name="captureScreenMethod" time="62.607"/>
  <system-out/>
</testsuite> <!-- Automation_Test_Website.ScreenShot -->
