<?xml version="1.0" encoding="UTF-8"?>
<!-- Generated by org.testng.reporters.JUnitReportReporter -->
<testsuite hostname="DESKTOP-DCE6QL0" failures="0" tests="1" name="Automation_Test_Website.Add_Product_To_Cart" time="31.871" errors="0" timestamp="2021-05-03T14:23:01 ICT" skipped="0">
  <testcase classname="Automation_Test_Website.Add_Product_To_Cart" name="Add_Product" time="31.871"/>
  <system-out/>
</testsuite> <!-- Automation_Test_Website.Add_Product_To_Cart -->
